{"/home/profesor/apirest-beers/app/server.js":{"path":"/home/profesor/apirest-beers/app/server.js","s":{"1":1,"2":1,"3":1,"4":1,"5":1,"6":1,"7":1,"8":1,"9":1,"10":1,"11":1,"12":1},"b":{"1":[1,1]},"f":{},"fnMap":{},"statementMap":{"1":{"start":{"line":1,"column":0},"end":{"line":1,"column":32}},"2":{"start":{"line":2,"column":0},"end":{"line":2,"column":19}},"3":{"start":{"line":3,"column":0},"end":{"line":3,"column":39}},"4":{"start":{"line":4,"column":0},"end":{"line":4,"column":15}},"5":{"start":{"line":6,"column":0},"end":{"line":6,"column":35}},"6":{"start":{"line":8,"column":0},"end":{"line":8,"column":50}},"7":{"start":{"line":9,"column":0},"end":{"line":9,"column":26}},"8":{"start":{"line":13,"column":0},"end":{"line":13,"column":32}},"9":{"start":{"line":14,"column":0},"end":{"line":14,"column":23}},"10":{"start":{"line":17,"column":0},"end":{"line":17,"column":16}},"11":{"start":{"line":18,"column":0},"end":{"line":18,"column":50}},"12":{"start":{"line":19,"column":0},"end":{"line":19,"column":20}}},"branchMap":{"1":{"line":6,"type":"binary-expr","locations":[{"start":{"line":6,"column":11},"end":{"line":6,"column":27}},{"start":{"line":6,"column":31},"end":{"line":6,"column":35}}]}}},"/home/profesor/apirest-beers/app/db.js":{"path":"/home/profesor/apirest-beers/app/db.js","s":{"1":1,"2":1,"3":1,"4":1,"5":1,"6":1,"7":0,"8":1,"9":0,"10":1,"11":0,"12":0,"13":0},"b":{"1":[1,1]},"f":{"1":1,"2":0,"3":0,"4":0,"5":0},"fnMap":{"1":{"name":"(anonymous_1)","line":6,"loc":{"start":{"line":6,"column":36},"end":{"line":6,"column":48}}},"2":{"name":"(anonymous_2)","line":10,"loc":{"start":{"line":10,"column":31},"end":{"line":10,"column":46}}},"3":{"name":"(anonymous_3)","line":14,"loc":{"start":{"line":14,"column":39},"end":{"line":14,"column":51}}},"4":{"name":"(anonymous_4)","line":18,"loc":{"start":{"line":18,"column":21},"end":{"line":18,"column":32}}},"5":{"name":"(anonymous_5)","line":19,"loc":{"start":{"line":19,"column":28},"end":{"line":19,"column":40}}}},"statementMap":{"1":{"start":{"line":2,"column":0},"end":{"line":2,"column":34}},"2":{"start":{"line":3,"column":0},"end":{"line":3,"column":66}},"3":{"start":{"line":4,"column":0},"end":{"line":4,"column":27}},"4":{"start":{"line":6,"column":0},"end":{"line":8,"column":2}},"5":{"start":{"line":7,"column":2},"end":{"line":7,"column":59}},"6":{"start":{"line":10,"column":0},"end":{"line":12,"column":2}},"7":{"start":{"line":11,"column":2},"end":{"line":11,"column":61}},"8":{"start":{"line":14,"column":0},"end":{"line":16,"column":2}},"9":{"start":{"line":15,"column":2},"end":{"line":15,"column":49}},"10":{"start":{"line":18,"column":0},"end":{"line":23,"column":2}},"11":{"start":{"line":19,"column":2},"end":{"line":22,"column":4}},"12":{"start":{"line":20,"column":4},"end":{"line":20,"column":70}},"13":{"start":{"line":21,"column":4},"end":{"line":21,"column":19}}},"branchMap":{"1":{"line":3,"type":"binary-expr","locations":[{"start":{"line":3,"column":16},"end":{"line":3,"column":37}},{"start":{"line":3,"column":41},"end":{"line":3,"column":66}}]}}},"/home/profesor/apirest-beers/app/routes/index.js":{"path":"/home/profesor/apirest-beers/app/routes/index.js","s":{"1":1,"2":1,"3":1,"4":1,"5":0,"6":1},"b":{},"f":{"1":0},"fnMap":{"1":{"name":"(anonymous_1)","line":6,"loc":{"start":{"line":6,"column":18},"end":{"line":6,"column":38}}}},"statementMap":{"1":{"start":{"line":1,"column":2},"end":{"line":1,"column":42}},"2":{"start":{"line":2,"column":2},"end":{"line":2,"column":38}},"3":{"start":{"line":4,"column":2},"end":{"line":4,"column":35}},"4":{"start":{"line":6,"column":2},"end":{"line":8,"column":4}},"5":{"start":{"line":7,"column":4},"end":{"line":7,"column":70}},"6":{"start":{"line":10,"column":2},"end":{"line":10,"column":25}}},"branchMap":{}},"/home/profesor/apirest-beers/app/routes/cervezas.js":{"path":"/home/profesor/apirest-beers/app/routes/cervezas.js","s":{"1":1,"2":1,"3":1,"4":0,"5":1,"6":0,"7":1,"8":0,"9":1,"10":1,"11":1,"12":0,"13":1,"14":0,"15":1},"b":{},"f":{"1":0,"2":0,"3":0,"4":1,"5":0,"6":0},"fnMap":{"1":{"name":"(anonymous_1)","line":4,"loc":{"start":{"line":4,"column":22},"end":{"line":4,"column":41}}},"2":{"name":"(anonymous_2)","line":7,"loc":{"start":{"line":7,"column":16},"end":{"line":7,"column":35}}},"3":{"name":"(anonymous_3)","line":10,"loc":{"start":{"line":10,"column":19},"end":{"line":10,"column":38}}},"4":{"name":"(anonymous_4)","line":13,"loc":{"start":{"line":13,"column":17},"end":{"line":13,"column":36}}},"5":{"name":"(anonymous_5)","line":16,"loc":{"start":{"line":16,"column":19},"end":{"line":16,"column":38}}},"6":{"name":"(anonymous_6)","line":19,"loc":{"start":{"line":19,"column":22},"end":{"line":19,"column":41}}}},"statementMap":{"1":{"start":{"line":1,"column":0},"end":{"line":1,"column":40}},"2":{"start":{"line":2,"column":0},"end":{"line":2,"column":70}},"3":{"start":{"line":4,"column":0},"end":{"line":6,"column":2}},"4":{"start":{"line":5,"column":2},"end":{"line":5,"column":37}},"5":{"start":{"line":7,"column":0},"end":{"line":9,"column":2}},"6":{"start":{"line":8,"column":2},"end":{"line":8,"column":35}},"7":{"start":{"line":10,"column":0},"end":{"line":12,"column":2}},"8":{"start":{"line":11,"column":2},"end":{"line":11,"column":35}},"9":{"start":{"line":13,"column":0},"end":{"line":15,"column":2}},"10":{"start":{"line":14,"column":2},"end":{"line":14,"column":37}},"11":{"start":{"line":16,"column":0},"end":{"line":18,"column":2}},"12":{"start":{"line":17,"column":2},"end":{"line":17,"column":37}},"13":{"start":{"line":19,"column":0},"end":{"line":21,"column":2}},"14":{"start":{"line":20,"column":2},"end":{"line":20,"column":37}},"15":{"start":{"line":22,"column":0},"end":{"line":22,"column":23}}},"branchMap":{}},"/home/profesor/apirest-beers/app/controllers/cervezasController.js":{"path":"/home/profesor/apirest-beers/app/controllers/cervezasController.js","s":{"1":1,"2":1,"3":0,"4":0,"5":0,"6":0,"7":0,"8":0,"9":0,"10":0,"11":0,"12":0,"13":0,"14":0,"15":0,"16":0,"17":0,"18":0,"19":1,"20":1,"21":1,"22":0,"23":1,"24":0,"25":0,"26":0,"27":0,"28":0,"29":0,"30":0,"31":0,"32":0,"33":0,"34":0,"35":0,"36":0,"37":0,"38":0,"39":0,"40":0,"41":0,"42":0,"43":0,"44":0,"45":0},"b":{"1":[0,0],"2":[0,0],"3":[0,0],"4":[0,0],"5":[0,1],"6":[0,0],"7":[0,0],"8":[0,0],"9":[0,0],"10":[0,0]},"f":{"1":0,"2":0,"3":0,"4":0,"5":0,"6":0,"7":1,"8":1,"9":0,"10":0,"11":0,"12":0,"13":0},"fnMap":{"1":{"name":"(anonymous_1)","line":4,"loc":{"start":{"line":4,"column":8},"end":{"line":4,"column":28}}},"2":{"name":"(anonymous_2)","line":6,"loc":{"start":{"line":6,"column":43},"end":{"line":6,"column":67}}},"3":{"name":"(anonymous_3)","line":15,"loc":{"start":{"line":15,"column":6},"end":{"line":15,"column":25}}},"4":{"name":"(anonymous_4)","line":16,"loc":{"start":{"line":16,"column":16},"end":{"line":16,"column":39}}},"5":{"name":"(anonymous_5)","line":25,"loc":{"start":{"line":25,"column":6},"end":{"line":25,"column":25}}},"6":{"name":"(anonymous_6)","line":27,"loc":{"start":{"line":27,"column":30},"end":{"line":27,"column":52}}},"7":{"name":"(anonymous_7)","line":41,"loc":{"start":{"line":41,"column":8},"end":{"line":41,"column":27}}},"8":{"name":"(anonymous_8)","line":43,"loc":{"start":{"line":43,"column":15},"end":{"line":43,"column":37}}},"9":{"name":"(anonymous_9)","line":56,"loc":{"start":{"line":56,"column":8},"end":{"line":56,"column":27}}},"10":{"name":"(anonymous_10)","line":58,"loc":{"start":{"line":58,"column":30},"end":{"line":58,"column":52}}},"11":{"name":"(anonymous_11)","line":75,"loc":{"start":{"line":75,"column":17},"end":{"line":75,"column":39}}},"12":{"name":"(anonymous_12)","line":90,"loc":{"start":{"line":90,"column":8},"end":{"line":90,"column":27}}},"13":{"name":"(anonymous_13)","line":92,"loc":{"start":{"line":92,"column":33},"end":{"line":92,"column":55}}}},"statementMap":{"1":{"start":{"line":1,"column":0},"end":{"line":1,"column":44}},"2":{"start":{"line":2,"column":0},"end":{"line":101,"column":1}},"3":{"start":{"line":5,"column":2},"end":{"line":5,"column":21}},"4":{"start":{"line":6,"column":2},"end":{"line":13,"column":4}},"5":{"start":{"line":7,"column":4},"end":{"line":11,"column":5}},"6":{"start":{"line":8,"column":6},"end":{"line":10,"column":8}},"7":{"start":{"line":12,"column":4},"end":{"line":12,"column":29}},"8":{"start":{"line":16,"column":2},"end":{"line":23,"column":4}},"9":{"start":{"line":17,"column":4},"end":{"line":21,"column":5}},"10":{"start":{"line":18,"column":6},"end":{"line":20,"column":8}},"11":{"start":{"line":22,"column":4},"end":{"line":22,"column":29}},"12":{"start":{"line":26,"column":2},"end":{"line":26,"column":24}},"13":{"start":{"line":27,"column":2},"end":{"line":39,"column":4}},"14":{"start":{"line":28,"column":4},"end":{"line":32,"column":5}},"15":{"start":{"line":29,"column":6},"end":{"line":31,"column":8}},"16":{"start":{"line":33,"column":4},"end":{"line":37,"column":5}},"17":{"start":{"line":34,"column":6},"end":{"line":36,"column":8}},"18":{"start":{"line":38,"column":4},"end":{"line":38,"column":28}},"19":{"start":{"line":42,"column":2},"end":{"line":42,"column":39}},"20":{"start":{"line":43,"column":2},"end":{"line":54,"column":4}},"21":{"start":{"line":44,"column":4},"end":{"line":49,"column":5}},"22":{"start":{"line":45,"column":6},"end":{"line":48,"column":8}},"23":{"start":{"line":50,"column":4},"end":{"line":53,"column":6}},"24":{"start":{"line":57,"column":2},"end":{"line":57,"column":24}},"25":{"start":{"line":58,"column":2},"end":{"line":88,"column":4}},"26":{"start":{"line":59,"column":4},"end":{"line":64,"column":5}},"27":{"start":{"line":60,"column":6},"end":{"line":63,"column":8}},"28":{"start":{"line":65,"column":4},"end":{"line":69,"column":5}},"29":{"start":{"line":66,"column":6},"end":{"line":68,"column":8}},"30":{"start":{"line":70,"column":4},"end":{"line":70,"column":36}},"31":{"start":{"line":71,"column":4},"end":{"line":71,"column":47}},"32":{"start":{"line":72,"column":4},"end":{"line":72,"column":44}},"33":{"start":{"line":73,"column":4},"end":{"line":73,"column":36}},"34":{"start":{"line":74,"column":4},"end":{"line":74,"column":36}},"35":{"start":{"line":75,"column":4},"end":{"line":87,"column":6}},"36":{"start":{"line":76,"column":6},"end":{"line":80,"column":7}},"37":{"start":{"line":77,"column":8},"end":{"line":79,"column":10}},"38":{"start":{"line":81,"column":6},"end":{"line":85,"column":7}},"39":{"start":{"line":82,"column":8},"end":{"line":84,"column":10}},"40":{"start":{"line":86,"column":6},"end":{"line":86,"column":30}},"41":{"start":{"line":91,"column":2},"end":{"line":91,"column":24}},"42":{"start":{"line":92,"column":2},"end":{"line":99,"column":4}},"43":{"start":{"line":93,"column":4},"end":{"line":97,"column":5}},"44":{"start":{"line":94,"column":6},"end":{"line":96,"column":8}},"45":{"start":{"line":98,"column":4},"end":{"line":98,"column":28}}},"branchMap":{"1":{"line":7,"type":"if","locations":[{"start":{"line":7,"column":4},"end":{"line":7,"column":4}},{"start":{"line":7,"column":4},"end":{"line":7,"column":4}}]},"2":{"line":17,"type":"if","locations":[{"start":{"line":17,"column":4},"end":{"line":17,"column":4}},{"start":{"line":17,"column":4},"end":{"line":17,"column":4}}]},"3":{"line":28,"type":"if","locations":[{"start":{"line":28,"column":4},"end":{"line":28,"column":4}},{"start":{"line":28,"column":4},"end":{"line":28,"column":4}}]},"4":{"line":33,"type":"if","locations":[{"start":{"line":33,"column":4},"end":{"line":33,"column":4}},{"start":{"line":33,"column":4},"end":{"line":33,"column":4}}]},"5":{"line":44,"type":"if","locations":[{"start":{"line":44,"column":4},"end":{"line":44,"column":4}},{"start":{"line":44,"column":4},"end":{"line":44,"column":4}}]},"6":{"line":59,"type":"if","locations":[{"start":{"line":59,"column":4},"end":{"line":59,"column":4}},{"start":{"line":59,"column":4},"end":{"line":59,"column":4}}]},"7":{"line":65,"type":"if","locations":[{"start":{"line":65,"column":4},"end":{"line":65,"column":4}},{"start":{"line":65,"column":4},"end":{"line":65,"column":4}}]},"8":{"line":76,"type":"if","locations":[{"start":{"line":76,"column":6},"end":{"line":76,"column":6}},{"start":{"line":76,"column":6},"end":{"line":76,"column":6}}]},"9":{"line":81,"type":"if","locations":[{"start":{"line":81,"column":6},"end":{"line":81,"column":6}},{"start":{"line":81,"column":6},"end":{"line":81,"column":6}}]},"10":{"line":93,"type":"if","locations":[{"start":{"line":93,"column":4},"end":{"line":93,"column":4}},{"start":{"line":93,"column":4},"end":{"line":93,"column":4}}]}}},"/home/profesor/apirest-beers/app/models/Cervezas.js":{"path":"/home/profesor/apirest-beers/app/models/Cervezas.js","s":{"1":1,"2":1,"3":1,"4":1,"5":1},"b":{},"f":{},"fnMap":{},"statementMap":{"1":{"start":{"line":1,"column":0},"end":{"line":1,"column":34}},"2":{"start":{"line":2,"column":0},"end":{"line":2,"column":28}},"3":{"start":{"line":4,"column":0},"end":{"line":10,"column":2}},"4":{"start":{"line":12,"column":0},"end":{"line":12,"column":54}},"5":{"start":{"line":14,"column":0},"end":{"line":14,"column":24}}},"branchMap":{}}}